<?xml version="1.0" encoding="UTF-8"?>
<!-- Generated by org.testng.reporters.JUnitReportReporter -->
<testsuite skipped="0" hostname="DESKTOP-TM0AU09" name="com.java.automation.NewarkTesting" tests="1" failures="0" timestamp="05 Jan 2018 10:29:21 GMT" time="58.646" errors="0">
  <testcase name="registerTest" time="58.646" classname="com.java.automation.NewarkTesting"/>
</testsuite> <!-- com.java.automation.NewarkTesting -->
