<?xml version="1.0" encoding="UTF-8"?>
<!-- Generated by org.testng.reporters.JUnitReportReporter -->
<testsuite skipped="0" hostname="DESKTOP-TM0AU09" name="com.java.Selenium.POM.RegisterTesting" tests="1" failures="0" timestamp="11 Jan 2018 11:48:33 GMT" time="12.400" errors="0">
  <testcase name="Testing" time="12.400" classname="com.java.Selenium.POM.RegisterTesting"/>
</testsuite> <!-- com.java.Selenium.POM.RegisterTesting -->
